<testng-results>
  <reporter-output>
  </reporter-output>
  <suite name="CalculadoraImplEuropea">
    <groups>
    </groups>
    <test name="es.cea.servicioCalculadora.CalculadoraImplEuropeaTest">
      <class name="es.cea.servicioCalculadora.CalculadoraImplEuropeaTest">
        <test-method status="PASS" signature="pruebaCalculadoraEuropea()" name="pruebaCalculadoraEuropea" duration-ms="15" started-at="2009-02-27T16:19:01Z" finished-at="2009-02-27T16:19:01Z">
        </test-method>
      </class>
    </test>
  </suite>
</testng-results>
