<testng-results>
  <reporter-output>
  </reporter-output>
  <suite name="Command line suite">
    <groups>
    </groups>
    <test name="Command line test">
      <class name="es.cea.servicioCalculadora.CalculadoraImplEuropeaTest">
        <test-method status="PASS" signature="pruebaCalculadoraEuropea()" name="pruebaCalculadoraEuropea" duration-ms="0" started-at="2009-02-27T16:46:49Z" finished-at="2009-02-27T16:46:49Z">
        </test-method>
      </class>
    </test>
  </suite>
</testng-results>
